<?xml version="1.0" encoding="UTF-8"?>
<!-- Generated by org.testng.reporters.JUnitReportReporter -->
<testsuite skipped="0" hostname="DESKTOP-UBQJ9QQ" name="Test.Demo" tests="1" failures="0" timestamp="18 May 2020 08:31:14 GMT" time="31.457" errors="0">
  <testcase name="test" time="31.457" classname="Test.Demo"/>
</testsuite> <!-- Test.Demo -->
