<?xml version="1.0" encoding="UTF-8"?>
<!-- Generated by org.testng.reporters.JUnitReportReporter -->
<testsuite skipped="0" hostname="DESKTOP-UBQJ9QQ" name="Test.Sample" tests="1" failures="0" timestamp="14 May 2020 14:27:58 GMT" time="19.700" errors="0">
  <testcase name="test" time="19.700" classname="Test.Sample"/>
</testsuite> <!-- Test.Sample -->
