<?xml version="1.0" encoding="UTF-8"?>
<!-- Generated by org.testng.reporters.JUnitReportReporter -->
<testsuite skipped="0" hostname="DESKTOP-UBQJ9QQ" name="Test.Sample" tests="1" failures="0" timestamp="18 May 2020 08:31:14 GMT" time="23.050" errors="0">
  <testcase name="test1" time="23.050" classname="Test.Sample"/>
</testsuite> <!-- Test.Sample -->
