<?xml version="1.0" encoding="UTF-8"?>
<!-- Generated by org.testng.reporters.JUnitReportReporter -->
<testsuite skipped="0" hostname="DESKTOP-UBQJ9QQ" name="Test.Trail" tests="1" failures="0" timestamp="18 May 2020 07:24:39 GMT" time="31.408" errors="0">
  <testcase name="testTrail" time="31.408" classname="Test.Trail"/>
</testsuite> <!-- Test.Trail -->
