<?xml version="1.0" encoding="UTF-8"?>
<!-- Generated by org.testng.reporters.JUnitReportReporter -->
<testsuite skipped="0" hostname="DESKTOP-UBQJ9QQ" name="Test.Demo" tests="1" failures="0" timestamp="16 May 2020 07:26:25 GMT" time="34.188" errors="0">
  <testcase name="test" time="34.188" classname="Test.Demo"/>
</testsuite> <!-- Test.Demo -->
