<?xml version="1.0" encoding="UTF-8"?>
<!-- Generated by org.testng.reporters.JUnitReportReporter -->
<testsuite skipped="0" hostname="DESKTOP-UBQJ9QQ" name="testNg_progrms.CreateCustomer" tests="1" failures="0" timestamp="12 May 2020 06:55:09 GMT" time="0.007" errors="0">
  <testcase name="testCreate" time="0.007" classname="testNg_progrms.CreateCustomer"/>
</testsuite> <!-- testNg_progrms.CreateCustomer -->
