<?xml version="1.0" encoding="UTF-8"?>
<!-- Generated by org.testng.reporters.JUnitReportReporter -->
<testsuite skipped="0" hostname="DESKTOP-UBQJ9QQ" name="testNg_progrms.One" tests="1" failures="0" timestamp="12 May 2020 14:41:10 GMT" time="2.943" errors="0">
  <testcase name="testAutoSugg" time="2.943" classname="testNg_progrms.One"/>
</testsuite> <!-- testNg_progrms.One -->
