<?xml version="1.0" encoding="UTF-8"?>
<!-- Generated by org.testng.reporters.JUnitReportReporter -->
<testsuite skipped="0" hostname="DESKTOP-UBQJ9QQ" name="Test.Demo" tests="1" failures="0" timestamp="12 May 2020 14:54:22 GMT" time="10.406" errors="0">
  <testcase name="testActi" time="10.406" classname="Test.Demo"/>
</testsuite> <!-- Test.Demo -->
